0 info it worked if it ends with ok
1 verbose cli [ '/usr/bin/nodejs', '/usr/local/bin/npm', 'run', 'oops' ]
2 info using npm@3.9.5
3 info using node@v4.2.6
4 verbose run-script [ 'preoops', 'oops', 'postoops' ]
5 info lifecycle es2015@1.0.0~preoops: es2015@1.0.0
6 silly lifecycle es2015@1.0.0~preoops: no script for preoops, continuing
7 info lifecycle es2015@1.0.0~oops: es2015@1.0.0
8 verbose lifecycle es2015@1.0.0~oops: unsafe-perm in lifecycle true
9 verbose lifecycle es2015@1.0.0~oops: PATH: /usr/local/lib/node_modules/npm/bin/node-gyp-bin:/home/joel/Desktop/es2015/node_modules/.bin:/usr/bin:/usr/local/heroku/bin:/usr/local/heroku/bin:/usr/local/sbin:/usr/local/bin:/usr/sbin:/usr/bin:/sbin:/bin:/usr/games:/usr/local/games:/snap/bin:/home/joel/android-sdk-linux/tools:/bin:/home/joel/maven/bin:/home/joel/android-sdk-linux;:/home/joel/android-sdk-linux/tools:/usr/lib/jvm/java-8-oracle:/bin:/home/joel/maven/bin:/home/joel/android-sdk-linux/platform-tools:/home/joel/redis-3.2.0/src:/home/joel/android-sdk-linux
10 verbose lifecycle es2015@1.0.0~oops: CWD: /home/joel/Desktop/es2015
11 silly lifecycle es2015@1.0.0~oops: Args: [ '-c', 'babel-node ./oops/function.js' ]
12 silly lifecycle es2015@1.0.0~oops: Returned: code: 1  signal: null
13 info lifecycle es2015@1.0.0~oops: Failed to exec oops script
14 verbose stack Error: es2015@1.0.0 oops: `babel-node ./oops/function.js`
14 verbose stack Exit status 1
14 verbose stack     at EventEmitter.<anonymous> (/usr/local/lib/node_modules/npm/lib/utils/lifecycle.js:245:16)
14 verbose stack     at emitTwo (events.js:87:13)
14 verbose stack     at EventEmitter.emit (events.js:172:7)
14 verbose stack     at ChildProcess.<anonymous> (/usr/local/lib/node_modules/npm/lib/utils/spawn.js:24:14)
14 verbose stack     at emitTwo (events.js:87:13)
14 verbose stack     at ChildProcess.emit (events.js:172:7)
14 verbose stack     at maybeClose (internal/child_process.js:821:16)
14 verbose stack     at Process.ChildProcess._handle.onexit (internal/child_process.js:211:5)
15 verbose pkgid es2015@1.0.0
16 verbose cwd /home/joel/Desktop/es2015
17 error Linux 4.4.0-31-generic
18 error argv "/usr/bin/nodejs" "/usr/local/bin/npm" "run" "oops"
19 error node v4.2.6
20 error npm  v3.9.5
21 error code ELIFECYCLE
22 error es2015@1.0.0 oops: `babel-node ./oops/function.js`
22 error Exit status 1
23 error Failed at the es2015@1.0.0 oops script 'babel-node ./oops/function.js'.
23 error Make sure you have the latest version of node.js and npm installed.
23 error If you do, this is most likely a problem with the es2015 package,
23 error not with npm itself.
23 error Tell the author that this fails on your system:
23 error     babel-node ./oops/function.js
23 error You can get information on how to open an issue for this project with:
23 error     npm bugs es2015
23 error Or if that isn't available, you can get their info via:
23 error     npm owner ls es2015
23 error There is likely additional logging output above.
24 verbose exit [ 1, true ]
